build/intermediates/manifest_merge_blame_file/debug/manifest-merger-blame-debug-report.txt
1<?xml version="1.0" encoding="utf-8"?>
2<manifest xmlns:android="http://schemas.android.com/apk/res/android"
3    package="com.android.newpos.pay"
4    android:versionCode="2"
5    android:versionName="1.0.210422" > <!-- TODO make this not required again after android.hardware.camera.any is available -->
6    <uses-sdk
7        android:minSdkVersion="19"
7-->Rongpay_Octubre_2020\Rongpay_Octubre_2020\AndroidManifest.xml
8        android:targetSdkVersion="28" />
8-->Rongpay_Octubre_2020\Rongpay_Octubre_2020\AndroidManifest.xml
9
10    <supports-screens
10-->Rongpay_Octubre_2020\Rongpay_Octubre_2020\AndroidManifest.xml:5:5-10:39
11        android:anyDensity="true"
11-->Rongpay_Octubre_2020\Rongpay_Octubre_2020\AndroidManifest.xml:6:9-34
12        android:largeScreens="true"
12-->Rongpay_Octubre_2020\Rongpay_Octubre_2020\AndroidManifest.xml:7:9-36
13        android:normalScreens="true"
13-->Rongpay_Octubre_2020\Rongpay_Octubre_2020\AndroidManifest.xml:8:9-37
14        android:resizeable="true"
14-->Rongpay_Octubre_2020\Rongpay_Octubre_2020\AndroidManifest.xml:9:9-34
15        android:smallScreens="true" />
15-->Rongpay_Octubre_2020\Rongpay_Octubre_2020\AndroidManifest.xml:10:9-36
16
17    <uses-permission android:name="android.permission.ACCESS_NETWORK_STATE" />
17-->Rongpay_Octubre_2020\Rongpay_Octubre_2020\AndroidManifest.xml:167:5-78
17-->Rongpay_Octubre_2020\Rongpay_Octubre_2020\AndroidManifest.xml:167:22-76
18    <uses-permission android:name="android.permission.INTERNET" />
18-->Rongpay_Octubre_2020\Rongpay_Octubre_2020\AndroidManifest.xml:169:5-67
18-->Rongpay_Octubre_2020\Rongpay_Octubre_2020\AndroidManifest.xml:169:22-64
19    <uses-permission android:name="android.permission.ACCESS_WIFI_STATE" />
19-->Rongpay_Octubre_2020\Rongpay_Octubre_2020\AndroidManifest.xml:170:5-75
19-->Rongpay_Octubre_2020\Rongpay_Octubre_2020\AndroidManifest.xml:170:22-73
20    <uses-permission android:name="android.permission.CHANGE_WIFI_STATE" />
20-->Rongpay_Octubre_2020\Rongpay_Octubre_2020\AndroidManifest.xml:171:5-75
20-->Rongpay_Octubre_2020\Rongpay_Octubre_2020\AndroidManifest.xml:171:22-73
21    <uses-permission android:name="android.permission.READ_PHONE_STATE" />
21-->Rongpay_Octubre_2020\Rongpay_Octubre_2020\AndroidManifest.xml:172:5-74
21-->Rongpay_Octubre_2020\Rongpay_Octubre_2020\AndroidManifest.xml:172:22-72
22    <uses-permission android:name="android.permission.READ_EXTERNAL_STORAGE" />
22-->Rongpay_Octubre_2020\Rongpay_Octubre_2020\AndroidManifest.xml:173:5-79
22-->Rongpay_Octubre_2020\Rongpay_Octubre_2020\AndroidManifest.xml:173:22-77
23    <uses-permission android:name="android.permission.WRITE_EXTERNAL_STORAGE" />
23-->Rongpay_Octubre_2020\Rongpay_Octubre_2020\AndroidManifest.xml:174:5-80
23-->Rongpay_Octubre_2020\Rongpay_Octubre_2020\AndroidManifest.xml:174:22-78
24    <uses-permission android:name="android.permission.SYSTEM_ALERT_WINDOW" />
24-->Rongpay_Octubre_2020\Rongpay_Octubre_2020\AndroidManifest.xml:175:5-77
24-->Rongpay_Octubre_2020\Rongpay_Octubre_2020\AndroidManifest.xml:175:22-75
25    <uses-permission android:name="android.permission.SYSTEM_OVERLAY_WINDOW" />
25-->Rongpay_Octubre_2020\Rongpay_Octubre_2020\AndroidManifest.xml:176:5-80
25-->Rongpay_Octubre_2020\Rongpay_Octubre_2020\AndroidManifest.xml:176:22-77
26    <uses-permission android:name="android.permission.WRITE_SETTINGS" />
26-->Rongpay_Octubre_2020\Rongpay_Octubre_2020\AndroidManifest.xml:177:5-72
26-->Rongpay_Octubre_2020\Rongpay_Octubre_2020\AndroidManifest.xml:177:22-70
27    <uses-permission android:name="android.permission.CAMERA" />
27-->Rongpay_Octubre_2020\Rongpay_Octubre_2020\AndroidManifest.xml:178:5-64
27-->Rongpay_Octubre_2020\Rongpay_Octubre_2020\AndroidManifest.xml:178:22-62
28    <!-- Don't require camera, as this requires a rear camera. This allows it to work on the Nexus 7 -->
29    <uses-feature
29-->Rongpay_Octubre_2020\Rongpay_Octubre_2020\AndroidManifest.xml:180:5-182:36
30        android:name="android.hardware.camera"
30-->Rongpay_Octubre_2020\Rongpay_Octubre_2020\AndroidManifest.xml:181:9-47
31        android:required="false" />
31-->Rongpay_Octubre_2020\Rongpay_Octubre_2020\AndroidManifest.xml:182:9-33
32    <uses-feature
32-->Rongpay_Octubre_2020\Rongpay_Octubre_2020\AndroidManifest.xml:183:5-185:36
33        android:name="android.hardware.camera.front"
33-->Rongpay_Octubre_2020\Rongpay_Octubre_2020\AndroidManifest.xml:184:9-53
34        android:required="false" />
34-->Rongpay_Octubre_2020\Rongpay_Octubre_2020\AndroidManifest.xml:185:9-33
35    <!-- TODO replace above two with next line after Android 4.launcher_simple_en -->
36    <!-- <uses-feature android:name="android.hardware.camera.any"/> -->
37    <uses-feature
37-->Rongpay_Octubre_2020\Rongpay_Octubre_2020\AndroidManifest.xml:188:5-190:36
38        android:name="android.hardware.camera.autofocus"
38-->Rongpay_Octubre_2020\Rongpay_Octubre_2020\AndroidManifest.xml:189:9-57
39        android:required="false" />
39-->Rongpay_Octubre_2020\Rongpay_Octubre_2020\AndroidManifest.xml:190:9-33
40    <uses-feature
40-->Rongpay_Octubre_2020\Rongpay_Octubre_2020\AndroidManifest.xml:191:5-193:36
41        android:name="android.hardware.camera.flash"
41-->Rongpay_Octubre_2020\Rongpay_Octubre_2020\AndroidManifest.xml:192:9-53
42        android:required="false" />
42-->Rongpay_Octubre_2020\Rongpay_Octubre_2020\AndroidManifest.xml:193:9-33
43    <uses-feature android:name="android.hardware.screen.landscape" />
43-->Rongpay_Octubre_2020\Rongpay_Octubre_2020\AndroidManifest.xml:194:5-70
43-->Rongpay_Octubre_2020\Rongpay_Octubre_2020\AndroidManifest.xml:194:19-67
44    <uses-feature
44-->Rongpay_Octubre_2020\Rongpay_Octubre_2020\AndroidManifest.xml:195:5-197:36
45        android:name="android.hardware.wifi"
45-->Rongpay_Octubre_2020\Rongpay_Octubre_2020\AndroidManifest.xml:196:9-45
46        android:required="false" />
46-->Rongpay_Octubre_2020\Rongpay_Octubre_2020\AndroidManifest.xml:197:9-33
47    <!-- This excludes Google TV, which is unfortunately included by virtue of not requiring a camera -->
48    <uses-feature android:name="android.hardware.touchscreen" />
48-->Rongpay_Octubre_2020\Rongpay_Octubre_2020\AndroidManifest.xml:199:5-65
48-->Rongpay_Octubre_2020\Rongpay_Octubre_2020\AndroidManifest.xml:199:19-62
49
50    <application
50-->Rongpay_Octubre_2020\Rongpay_Octubre_2020\AndroidManifest.xml:12:5-165:19
51        android:name="cn.desert.newpos.payui.base.PayApplication"
51-->Rongpay_Octubre_2020\Rongpay_Octubre_2020\AndroidManifest.xml:13:9-66
52        android:allowBackup="true"
52-->Rongpay_Octubre_2020\Rongpay_Octubre_2020\AndroidManifest.xml:14:9-35
53        android:appComponentFactory="androidx.core.app.CoreComponentFactory"
53-->[androidx.core:core:1.6.0-alpha02] AndroidManifest.xml:24:18-86
54        android:configChanges="orientation|screenSize|locale|mcc|mnc"
54-->Rongpay_Octubre_2020\Rongpay_Octubre_2020\AndroidManifest.xml:16:9-70
55        android:debuggable="true"
56        android:fullBackupContent="false"
56-->Rongpay_Octubre_2020\Rongpay_Octubre_2020\AndroidManifest.xml:15:9-42
57        android:icon="@drawable/ic_launcher"
57-->Rongpay_Octubre_2020\Rongpay_Octubre_2020\AndroidManifest.xml:17:9-45
58        android:label="@string/app_name"
58-->Rongpay_Octubre_2020\Rongpay_Octubre_2020\AndroidManifest.xml:18:9-41
59        android:theme="@style/AppTheme" >
59-->Rongpay_Octubre_2020\Rongpay_Octubre_2020\AndroidManifest.xml:19:9-40
60        <uses-library
60-->Rongpay_Octubre_2020\Rongpay_Octubre_2020\AndroidManifest.xml:21:9-24:24
61            android:name="com.pos.device"
61-->Rongpay_Octubre_2020\Rongpay_Octubre_2020\AndroidManifest.xml:22:13-42
62            android:required="true" >
62-->Rongpay_Octubre_2020\Rongpay_Octubre_2020\AndroidManifest.xml:23:13-36
63        </uses-library>
64
65        <activity
65-->Rongpay_Octubre_2020\Rongpay_Octubre_2020\AndroidManifest.xml:26:9-37:20
66            android:name="cn.desert.newpos.payui.splash.Welcome"
66-->Rongpay_Octubre_2020\Rongpay_Octubre_2020\AndroidManifest.xml:27:13-65
67            android:configChanges="orientation|screenSize|locale|mcc|mnc"
67-->Rongpay_Octubre_2020\Rongpay_Octubre_2020\AndroidManifest.xml:30:13-74
68            android:launchMode="singleTask"
68-->Rongpay_Octubre_2020\Rongpay_Octubre_2020\AndroidManifest.xml:31:13-44
69            android:screenOrientation="portrait"
69-->Rongpay_Octubre_2020\Rongpay_Octubre_2020\AndroidManifest.xml:29:13-49
70            android:theme="@style/AppTheme.YOUZI"
70-->Rongpay_Octubre_2020\Rongpay_Octubre_2020\AndroidManifest.xml:28:13-50
71            android:windowSoftInputMode="stateHidden|adjustResize" >
71-->Rongpay_Octubre_2020\Rongpay_Octubre_2020\AndroidManifest.xml:32:13-67
72            <intent-filter>
72-->Rongpay_Octubre_2020\Rongpay_Octubre_2020\AndroidManifest.xml:33:13-36:29
73                <action android:name="android.intent.action.MAIN" />
73-->Rongpay_Octubre_2020\Rongpay_Octubre_2020\AndroidManifest.xml:34:17-68
73-->Rongpay_Octubre_2020\Rongpay_Octubre_2020\AndroidManifest.xml:34:25-66
74
75                <category android:name="android.intent.category.LAUNCHER" />
75-->Rongpay_Octubre_2020\Rongpay_Octubre_2020\AndroidManifest.xml:35:17-76
75-->Rongpay_Octubre_2020\Rongpay_Octubre_2020\AndroidManifest.xml:35:27-74
76            </intent-filter>
77        </activity>
78        <activity
78-->Rongpay_Octubre_2020\Rongpay_Octubre_2020\AndroidManifest.xml:39:9-52:20
79            android:name="com.android.newpos.pay.HomeActivity"
79-->Rongpay_Octubre_2020\Rongpay_Octubre_2020\AndroidManifest.xml:40:13-41
80            android:configChanges="orientation|screenSize|locale|mcc|mnc"
80-->Rongpay_Octubre_2020\Rongpay_Octubre_2020\AndroidManifest.xml:44:13-74
81            android:launchMode="singleTask"
81-->Rongpay_Octubre_2020\Rongpay_Octubre_2020\AndroidManifest.xml:42:13-44
82            android:screenOrientation="portrait"
82-->Rongpay_Octubre_2020\Rongpay_Octubre_2020\AndroidManifest.xml:45:13-49
83            android:theme="@style/AppTheme.WUZI"
83-->Rongpay_Octubre_2020\Rongpay_Octubre_2020\AndroidManifest.xml:41:13-49
84            android:windowSoftInputMode="stateHidden|adjustResize" >
84-->Rongpay_Octubre_2020\Rongpay_Octubre_2020\AndroidManifest.xml:43:13-67
85            <intent-filter>
85-->Rongpay_Octubre_2020\Rongpay_Octubre_2020\AndroidManifest.xml:46:13-51:29
86                <action android:name="android.intent.action.MAIN" />
86-->Rongpay_Octubre_2020\Rongpay_Octubre_2020\AndroidManifest.xml:34:17-68
86-->Rongpay_Octubre_2020\Rongpay_Octubre_2020\AndroidManifest.xml:34:25-66
87
88                <category android:name="android.intent.category.DEFAULT" />
88-->Rongpay_Octubre_2020\Rongpay_Octubre_2020\AndroidManifest.xml:48:17-76
88-->Rongpay_Octubre_2020\Rongpay_Octubre_2020\AndroidManifest.xml:48:27-73
89                <!-- <category android:name="android.intent.category.HOME" /> -->
90                <!-- <category android:name="android.intent.category.MONKEY" /> -->
91            </intent-filter>
92        </activity>
93        <activity
93-->Rongpay_Octubre_2020\Rongpay_Octubre_2020\AndroidManifest.xml:54:8-60:69
94            android:name="cn.desert.newpos.payui.master.MasterControl"
94-->Rongpay_Octubre_2020\Rongpay_Octubre_2020\AndroidManifest.xml:55:13-71
95            android:configChanges="orientation|screenSize|locale|mcc|mnc"
95-->Rongpay_Octubre_2020\Rongpay_Octubre_2020\AndroidManifest.xml:58:13-74
96            android:launchMode="singleTask"
96-->Rongpay_Octubre_2020\Rongpay_Octubre_2020\AndroidManifest.xml:59:13-44
97            android:screenOrientation="portrait"
97-->Rongpay_Octubre_2020\Rongpay_Octubre_2020\AndroidManifest.xml:57:13-49
98            android:theme="@style/AppTheme.WUZI"
98-->Rongpay_Octubre_2020\Rongpay_Octubre_2020\AndroidManifest.xml:56:13-49
99            android:windowSoftInputMode="stateHidden|adjustResize" />
99-->Rongpay_Octubre_2020\Rongpay_Octubre_2020\AndroidManifest.xml:60:13-67
100        <activity
100-->Rongpay_Octubre_2020\Rongpay_Octubre_2020\AndroidManifest.xml:62:9-67:94
101            android:name="cn.desert.newpos.payui.master.ResultControl"
101-->Rongpay_Octubre_2020\Rongpay_Octubre_2020\AndroidManifest.xml:63:13-71
102            android:configChanges="mcc|mnc|orientation|screenSize|keyboard|layoutDirection"
102-->Rongpay_Octubre_2020\Rongpay_Octubre_2020\AndroidManifest.xml:67:13-92
103            android:launchMode="singleTask"
103-->Rongpay_Octubre_2020\Rongpay_Octubre_2020\AndroidManifest.xml:64:13-44
104            android:screenOrientation="portrait"
104-->Rongpay_Octubre_2020\Rongpay_Octubre_2020\AndroidManifest.xml:65:13-49
105            android:windowSoftInputMode="stateHidden" />
105-->Rongpay_Octubre_2020\Rongpay_Octubre_2020\AndroidManifest.xml:66:13-54
106.
107        <activity
107-->Rongpay_Octubre_2020\Rongpay_Octubre_2020\AndroidManifest.xml:69:9-76:69
108            android:name="cn.desert.newpos.payui.setting.ui.SettingsFrags"
108-->Rongpay_Octubre_2020\Rongpay_Octubre_2020\AndroidManifest.xml:70:13-75
109            android:configChanges="orientation|screenSize|locale|mcc|mnc"
109-->Rongpay_Octubre_2020\Rongpay_Octubre_2020\AndroidManifest.xml:75:13-74
110            android:exported="true"
110-->Rongpay_Octubre_2020\Rongpay_Octubre_2020\AndroidManifest.xml:71:13-36
111            android:launchMode="singleTask"
111-->Rongpay_Octubre_2020\Rongpay_Octubre_2020\AndroidManifest.xml:74:13-44
112            android:screenOrientation="portrait"
112-->Rongpay_Octubre_2020\Rongpay_Octubre_2020\AndroidManifest.xml:73:13-49
113            android:theme="@style/AppTheme.WUZI"
113-->Rongpay_Octubre_2020\Rongpay_Octubre_2020\AndroidManifest.xml:72:13-49
114            android:windowSoftInputMode="stateHidden|adjustResize" />
114-->Rongpay_Octubre_2020\Rongpay_Octubre_2020\AndroidManifest.xml:76:13-67
115        <activity
115-->Rongpay_Octubre_2020\Rongpay_Octubre_2020\AndroidManifest.xml:77:9-84:20
116            android:name="cn.desert.newpos.payui.transrecord.HistoryTrans"
116-->Rongpay_Octubre_2020\Rongpay_Octubre_2020\AndroidManifest.xml:78:13-75
117            android:configChanges="orientation|screenSize|locale|mcc|mnc"
117-->Rongpay_Octubre_2020\Rongpay_Octubre_2020\AndroidManifest.xml:82:13-74
118            android:launchMode="singleTask"
118-->Rongpay_Octubre_2020\Rongpay_Octubre_2020\AndroidManifest.xml:81:13-44
119            android:screenOrientation="portrait"
119-->Rongpay_Octubre_2020\Rongpay_Octubre_2020\AndroidManifest.xml:80:13-49
120            android:theme="@style/AppTheme.WUZI"
120-->Rongpay_Octubre_2020\Rongpay_Octubre_2020\AndroidManifest.xml:79:13-49
121            android:windowSoftInputMode="stateHidden|adjustResize" >
121-->Rongpay_Octubre_2020\Rongpay_Octubre_2020\AndroidManifest.xml:83:13-67
122        </activity>
123        <activity
123-->Rongpay_Octubre_2020\Rongpay_Octubre_2020\AndroidManifest.xml:86:9-90:52
124            android:name="cn.desert.newpos.payui.transrecord.HistoryDetail"
124-->Rongpay_Octubre_2020\Rongpay_Octubre_2020\AndroidManifest.xml:87:13-76
125            android:configChanges="orientation|screenSize|locale|mcc|mnc"
125-->Rongpay_Octubre_2020\Rongpay_Octubre_2020\AndroidManifest.xml:89:13-74
126            android:launchMode="singleTask"
126-->Rongpay_Octubre_2020\Rongpay_Octubre_2020\AndroidManifest.xml:88:13-44
127            android:theme="@style/AppTheme.WUZI" />
127-->Rongpay_Octubre_2020\Rongpay_Octubre_2020\AndroidManifest.xml:90:13-49
128        <activity
128-->Rongpay_Octubre_2020\Rongpay_Octubre_2020\AndroidManifest.xml:92:9-96:52
129            android:name="cn.desert.newpos.payui.transrecord.PrintLastTrans"
129-->Rongpay_Octubre_2020\Rongpay_Octubre_2020\AndroidManifest.xml:93:13-77
130            android:configChanges="orientation|screenSize|locale|mcc|mnc"
130-->Rongpay_Octubre_2020\Rongpay_Octubre_2020\AndroidManifest.xml:95:13-74
131            android:launchMode="singleTask"
131-->Rongpay_Octubre_2020\Rongpay_Octubre_2020\AndroidManifest.xml:94:13-44
132            android:theme="@style/AppTheme.WUZI" />
132-->Rongpay_Octubre_2020\Rongpay_Octubre_2020\AndroidManifest.xml:96:13-49
133
134        <receiver android:name="cn.desert.newpos.payui.base.LocaleChangeReceiver" >
134-->Rongpay_Octubre_2020\Rongpay_Octubre_2020\AndroidManifest.xml:98:9-103:20
134-->Rongpay_Octubre_2020\Rongpay_Octubre_2020\AndroidManifest.xml:99:13-76
135            <intent-filter>
135-->Rongpay_Octubre_2020\Rongpay_Octubre_2020\AndroidManifest.xml:100:13-102:29
136                <action android:name="android.intent.action.LOCALE_CHANGED" />
136-->Rongpay_Octubre_2020\Rongpay_Octubre_2020\AndroidManifest.xml:101:17-78
136-->Rongpay_Octubre_2020\Rongpay_Octubre_2020\AndroidManifest.xml:101:25-76
137            </intent-filter>
138        </receiver>
139
140        <service
140-->Rongpay_Octubre_2020\Rongpay_Octubre_2020\AndroidManifest.xml:105:9-110:19
141            android:name="com.android.newpos.mis.service.MisService"
141-->Rongpay_Octubre_2020\Rongpay_Octubre_2020\AndroidManifest.xml:105:18-74
142            android:exported="true" >
142-->Rongpay_Octubre_2020\Rongpay_Octubre_2020\AndroidManifest.xml:106:13-36
143            <intent-filter android:priority="1000" >
143-->Rongpay_Octubre_2020\Rongpay_Octubre_2020\AndroidManifest.xml:107:13-109:29
143-->Rongpay_Octubre_2020\Rongpay_Octubre_2020\AndroidManifest.xml:107:28-51
144                <action android:name="android.intent.action.NEWPOS_MIS" />
144-->Rongpay_Octubre_2020\Rongpay_Octubre_2020\AndroidManifest.xml:108:17-74
144-->Rongpay_Octubre_2020\Rongpay_Octubre_2020\AndroidManifest.xml:108:25-72
145            </intent-filter>
146        </service>
147
148        <activity android:name="cn.desert.newpos.payui.setting.ui.classical.TransparaFrags" />
148-->Rongpay_Octubre_2020\Rongpay_Octubre_2020\AndroidManifest.xml:112:9-94
148-->Rongpay_Octubre_2020\Rongpay_Octubre_2020\AndroidManifest.xml:112:19-92
149        <activity android:name="cn.desert.newpos.payui.setting.ui.simple.CommunSettings" />
149-->Rongpay_Octubre_2020\Rongpay_Octubre_2020\AndroidManifest.xml:113:9-91
149-->Rongpay_Octubre_2020\Rongpay_Octubre_2020\AndroidManifest.xml:113:19-89
150        <activity android:name="cn.desert.newpos.payui.setting.ui.simple.KeysSettings" />
150-->Rongpay_Octubre_2020\Rongpay_Octubre_2020\AndroidManifest.xml:114:9-89
150-->Rongpay_Octubre_2020\Rongpay_Octubre_2020\AndroidManifest.xml:114:19-87
151        <activity android:name="cn.desert.newpos.payui.setting.ui.simple.TransSetting" />
151-->Rongpay_Octubre_2020\Rongpay_Octubre_2020\AndroidManifest.xml:115:9-89
151-->Rongpay_Octubre_2020\Rongpay_Octubre_2020\AndroidManifest.xml:115:19-87
152        <activity android:name="cn.desert.newpos.payui.setting.ui.simple.PrivateSettings" />
152-->Rongpay_Octubre_2020\Rongpay_Octubre_2020\AndroidManifest.xml:116:9-92
152-->Rongpay_Octubre_2020\Rongpay_Octubre_2020\AndroidManifest.xml:116:19-90
153        <activity android:name="cn.desert.newpos.payui.setting.ui.simple.FeedbackSettings" />
153-->Rongpay_Octubre_2020\Rongpay_Octubre_2020\AndroidManifest.xml:117:9-93
153-->Rongpay_Octubre_2020\Rongpay_Octubre_2020\AndroidManifest.xml:117:19-91
154        <activity android:name="cn.desert.newpos.payui.setting.ui.simple.ErrlogSettings" />
154-->Rongpay_Octubre_2020\Rongpay_Octubre_2020\AndroidManifest.xml:118:9-91
154-->Rongpay_Octubre_2020\Rongpay_Octubre_2020\AndroidManifest.xml:118:19-89
155        <activity android:name="cn.desert.newpos.payui.setting.ui.simple.transson.TransMerchantSetting" />
155-->Rongpay_Octubre_2020\Rongpay_Octubre_2020\AndroidManifest.xml:119:9-106
155-->Rongpay_Octubre_2020\Rongpay_Octubre_2020\AndroidManifest.xml:119:19-104
156        <activity android:name="cn.desert.newpos.payui.setting.ui.simple.transson.TransSysSetting" />
156-->Rongpay_Octubre_2020\Rongpay_Octubre_2020\AndroidManifest.xml:120:9-101
156-->Rongpay_Octubre_2020\Rongpay_Octubre_2020\AndroidManifest.xml:120:19-99
157        <activity android:name="cn.desert.newpos.payui.setting.ui.simple.transson.TransScanSetting" />
157-->Rongpay_Octubre_2020\Rongpay_Octubre_2020\AndroidManifest.xml:121:9-102
157-->Rongpay_Octubre_2020\Rongpay_Octubre_2020\AndroidManifest.xml:121:19-100
158        <activity
158-->Rongpay_Octubre_2020\Rongpay_Octubre_2020\AndroidManifest.xml:124:9-125:38
159            android:name="com.android.newpos.payapi.RSaleActivity"
159-->Rongpay_Octubre_2020\Rongpay_Octubre_2020\AndroidManifest.xml:124:19-73
160            android:exported="true" />
160-->Rongpay_Octubre_2020\Rongpay_Octubre_2020\AndroidManifest.xml:125:13-36
161        <activity
161-->Rongpay_Octubre_2020\Rongpay_Octubre_2020\AndroidManifest.xml:126:9-127:38
162            android:name="com.android.newpos.payapi.RVoidActivity"
162-->Rongpay_Octubre_2020\Rongpay_Octubre_2020\AndroidManifest.xml:126:19-73
163            android:exported="true" />
163-->Rongpay_Octubre_2020\Rongpay_Octubre_2020\AndroidManifest.xml:127:13-36
164        <activity
164-->Rongpay_Octubre_2020\Rongpay_Octubre_2020\AndroidManifest.xml:128:9-129:38
165            android:name="com.android.newpos.payapi.RRefundActivity"
165-->Rongpay_Octubre_2020\Rongpay_Octubre_2020\AndroidManifest.xml:128:19-75
166            android:exported="true" />
166-->Rongpay_Octubre_2020\Rongpay_Octubre_2020\AndroidManifest.xml:129:13-36
167        <activity
167-->Rongpay_Octubre_2020\Rongpay_Octubre_2020\AndroidManifest.xml:131:9-132:38
168            android:name="com.android.newpos.payapi.RScanPayActivity"
168-->Rongpay_Octubre_2020\Rongpay_Octubre_2020\AndroidManifest.xml:131:19-76
169            android:exported="true" />
169-->Rongpay_Octubre_2020\Rongpay_Octubre_2020\AndroidManifest.xml:132:13-36
170        <activity
170-->Rongpay_Octubre_2020\Rongpay_Octubre_2020\AndroidManifest.xml:133:9-134:38
171            android:name="com.android.newpos.payapi.RScanVoidActivity"
171-->Rongpay_Octubre_2020\Rongpay_Octubre_2020\AndroidManifest.xml:133:19-77
172            android:exported="true" />
172-->Rongpay_Octubre_2020\Rongpay_Octubre_2020\AndroidManifest.xml:134:13-36
173        <activity
173-->Rongpay_Octubre_2020\Rongpay_Octubre_2020\AndroidManifest.xml:135:9-136:38
174            android:name="com.android.newpos.payapi.RScanRefundActivity"
174-->Rongpay_Octubre_2020\Rongpay_Octubre_2020\AndroidManifest.xml:135:19-79
175            android:exported="true" />
175-->Rongpay_Octubre_2020\Rongpay_Octubre_2020\AndroidManifest.xml:136:13-36
176        <activity
176-->Rongpay_Octubre_2020\Rongpay_Octubre_2020\AndroidManifest.xml:138:9-139:38
177            android:name="com.android.newpos.payapi.RPreActivity"
177-->Rongpay_Octubre_2020\Rongpay_Octubre_2020\AndroidManifest.xml:138:19-72
178            android:exported="true" />
178-->Rongpay_Octubre_2020\Rongpay_Octubre_2020\AndroidManifest.xml:139:13-36
179        <activity
179-->Rongpay_Octubre_2020\Rongpay_Octubre_2020\AndroidManifest.xml:140:9-141:38
180            android:name="com.android.newpos.payapi.RPreVoidActivity"
180-->Rongpay_Octubre_2020\Rongpay_Octubre_2020\AndroidManifest.xml:140:19-76
181            android:exported="true" />
181-->Rongpay_Octubre_2020\Rongpay_Octubre_2020\AndroidManifest.xml:141:13-36
182        <activity
182-->Rongpay_Octubre_2020\Rongpay_Octubre_2020\AndroidManifest.xml:142:9-143:38
183            android:name="com.android.newpos.payapi.RPreCompActivity"
183-->Rongpay_Octubre_2020\Rongpay_Octubre_2020\AndroidManifest.xml:142:19-76
184            android:exported="true" />
184-->Rongpay_Octubre_2020\Rongpay_Octubre_2020\AndroidManifest.xml:143:13-36
185        <activity
185-->Rongpay_Octubre_2020\Rongpay_Octubre_2020\AndroidManifest.xml:144:9-145:38
186            android:name="com.android.newpos.payapi.RCompVoidActivity"
186-->Rongpay_Octubre_2020\Rongpay_Octubre_2020\AndroidManifest.xml:144:19-77
187            android:exported="true" />
187-->Rongpay_Octubre_2020\Rongpay_Octubre_2020\AndroidManifest.xml:145:13-36
188        <activity
188-->Rongpay_Octubre_2020\Rongpay_Octubre_2020\AndroidManifest.xml:147:9-148:38
189            android:name="com.android.newpos.payapi.RQueryDetailsActivity"
189-->Rongpay_Octubre_2020\Rongpay_Octubre_2020\AndroidManifest.xml:147:19-81
190            android:exported="true" />
190-->Rongpay_Octubre_2020\Rongpay_Octubre_2020\AndroidManifest.xml:148:13-36
191        <activity
191-->Rongpay_Octubre_2020\Rongpay_Octubre_2020\AndroidManifest.xml:149:9-150:38
192            android:name="com.android.newpos.payapi.RReprintLastActivity"
192-->Rongpay_Octubre_2020\Rongpay_Octubre_2020\AndroidManifest.xml:149:19-80
193            android:exported="true" />
193-->Rongpay_Octubre_2020\Rongpay_Octubre_2020\AndroidManifest.xml:150:13-36
194        <activity
194-->Rongpay_Octubre_2020\Rongpay_Octubre_2020\AndroidManifest.xml:151:9-152:38
195            android:name="com.android.newpos.payapi.RPrintDetailsActivity"
195-->Rongpay_Octubre_2020\Rongpay_Octubre_2020\AndroidManifest.xml:151:19-81
196            android:exported="true" />
196-->Rongpay_Octubre_2020\Rongpay_Octubre_2020\AndroidManifest.xml:152:13-36
197        <activity
197-->Rongpay_Octubre_2020\Rongpay_Octubre_2020\AndroidManifest.xml:154:9-155:38
198            android:name="com.android.newpos.payapi.RLoginActivity"
198-->Rongpay_Octubre_2020\Rongpay_Octubre_2020\AndroidManifest.xml:154:19-74
199            android:exported="true" />
199-->Rongpay_Octubre_2020\Rongpay_Octubre_2020\AndroidManifest.xml:155:13-36
200        <activity
200-->Rongpay_Octubre_2020\Rongpay_Octubre_2020\AndroidManifest.xml:156:9-157:38
201            android:name="com.android.newpos.payapi.RDownParaActivity"
201-->Rongpay_Octubre_2020\Rongpay_Octubre_2020\AndroidManifest.xml:156:19-77
202            android:exported="true" />
202-->Rongpay_Octubre_2020\Rongpay_Octubre_2020\AndroidManifest.xml:157:13-36
203        <activity
203-->Rongpay_Octubre_2020\Rongpay_Octubre_2020\AndroidManifest.xml:158:9-159:38
204            android:name="com.android.newpos.payapi.RSettleActivity"
204-->Rongpay_Octubre_2020\Rongpay_Octubre_2020\AndroidManifest.xml:158:19-75
205            android:exported="true" />
205-->Rongpay_Octubre_2020\Rongpay_Octubre_2020\AndroidManifest.xml:159:13-36
206        <activity
206-->Rongpay_Octubre_2020\Rongpay_Octubre_2020\AndroidManifest.xml:161:9-162:38
207            android:name="com.android.newpos.payapi.RBalanceActivity"
207-->Rongpay_Octubre_2020\Rongpay_Octubre_2020\AndroidManifest.xml:161:19-76
208            android:exported="true" />
208-->Rongpay_Octubre_2020\Rongpay_Octubre_2020\AndroidManifest.xml:162:13-36
209        <activity
209-->Rongpay_Octubre_2020\Rongpay_Octubre_2020\AndroidManifest.xml:163:9-164:38
210            android:name="com.android.newpos.payapi.RECBalanceActivity"
210-->Rongpay_Octubre_2020\Rongpay_Octubre_2020\AndroidManifest.xml:163:19-78
211            android:exported="true" />
211-->Rongpay_Octubre_2020\Rongpay_Octubre_2020\AndroidManifest.xml:164:13-36
212    </application>
213
214</manifest>